{"C:\\Users\\favaz\\quizapp\\App.js": {"path":"C:\\Users\\favaz\\quizapp\\App.js","statementMap":{"0":{"start":{"line":29,"column":16},"end":{"line":53,"column":1}},"1":{"start":{"line":30,"column":21},"end":{"line":30,"column":48}},"2":{"start":{"line":31,"column":2},"end":{"line":52,"column":4}},"3":{"start":{"line":55,"column":24},"end":{"line":91,"column":1}},"4":{"start":{"line":56,"column":21},"end":{"line":56,"column":48}},"5":{"start":{"line":58,"column":26},"end":{"line":60,"column":3}},"6":{"start":{"line":62,"column":2},"end":{"line":90,"column":4}},"7":{"start":{"line":93,"column":15},"end":{"line":110,"column":2}}},"fnMap":{"0":{"name":"(anonymous_0)","decl":{"start":{"line":29,"column":16},"end":{"line":29,"column":17}},"loc":{"start":{"line":29,"column":45},"end":{"line":53,"column":1}},"line":29},"1":{"name":"(anonymous_1)","decl":{"start":{"line":55,"column":24},"end":{"line":55,"column":25}},"loc":{"start":{"line":55,"column":30},"end":{"line":91,"column":1}},"line":55}},"branchMap":{"0":{"loc":{"start":{"line":37,"column":19},"end":{"line":37,"column":59}},"type":"cond-expr","locations":[{"start":{"line":37,"column":32},"end":{"line":37,"column":44}},{"start":{"line":37,"column":47},"end":{"line":37,"column":59}}],"line":37},"1":{"loc":{"start":{"line":46,"column":19},"end":{"line":46,"column":58}},"type":"cond-expr","locations":[{"start":{"line":46,"column":32},"end":{"line":46,"column":44}},{"start":{"line":46,"column":47},"end":{"line":46,"column":58}}],"line":46},"2":{"loc":{"start":{"line":59,"column":21},"end":{"line":59,"column":64}},"type":"cond-expr","locations":[{"start":{"line":59,"column":34},"end":{"line":59,"column":47}},{"start":{"line":59,"column":50},"end":{"line":59,"column":64}}],"line":59},"3":{"loc":{"start":{"line":64,"column":27},"end":{"line":64,"column":72}},"type":"cond-expr","locations":[{"start":{"line":64,"column":40},"end":{"line":64,"column":55}},{"start":{"line":64,"column":58},"end":{"line":64,"column":72}}],"line":64},"4":{"loc":{"start":{"line":71,"column":29},"end":{"line":71,"column":69}},"type":"cond-expr","locations":[{"start":{"line":71,"column":42},"end":{"line":71,"column":54}},{"start":{"line":71,"column":57},"end":{"line":71,"column":69}}],"line":71}},"s":{"0":1,"1":4,"2":4,"3":1,"4":2,"5":1,"6":1,"7":1},"f":{"0":4,"1":2},"b":{"0":[0,4],"1":[0,4],"2":[0,1],"3":[0,1],"4":[0,1]},"_coverageSchema":"1a1c01bbd47fc00a2c39e90264f33305004495a9","hash":"6553092bd638b60b600e5f8e9b1cd5ee290179be"}
}
