TN:
SF:app\assets\images\celebrate.png
FNF:0
FNH:0
DA:1,2
LF:1
LH:1
BRF:0
BRH:0
end_of_record
TN:
SF:app\assets\images\oops.png
FNF:0
FNH:0
DA:1,2
LF:1
LH:1
BRF:0
BRH:0
end_of_record
TN:
SF:app\common\Functions.js
FN:8,(anonymous_0)
FN:10,(anonymous_1)
FN:11,(anonymous_2)
FN:12,(anonymous_3)
FN:15,(anonymous_4)
FNF:5
FNH:5
FNDA:4,(anonymous_0)
FNDA:15,(anonymous_1)
FNDA:19,(anonymous_2)
FNDA:15,(anonymous_3)
FNDA:4,(anonymous_4)
DA:8,2
DA:9,4
DA:10,15
DA:11,19
DA:12,15
DA:15,2
DA:16,4
DA:17,2
DA:18,1
DA:19,1
DA:20,2
LF:11
LH:11
BRDA:16,0,0,2
BRDA:16,0,1,2
BRDA:16,1,0,4
BRDA:16,1,1,3
BRDA:17,2,0,1
BRDA:17,2,1,1
BRF:6
BRH:6
end_of_record
TN:
SF:app\common\color.js
FNF:0
FNH:0
DA:1,5
LF:1
LH:1
BRF:0
BRH:0
end_of_record
TN:
SF:app\common\questions.js
FNF:0
FNH:0
DA:3,1
LF:1
LH:1
BRF:0
BRH:0
end_of_record
TN:
SF:app\components\button.js
FN:18,(anonymous_0)
FNF:1
FNH:1
FNDA:1,(anonymous_0)
DA:18,3
DA:19,1
DA:28,3
LF:3
LH:3
BRF:0
BRH:0
end_of_record
TN:
SF:app\components\divider.js
FN:14,(anonymous_0)
FNF:1
FNH:1
FNDA:1,(anonymous_0)
DA:14,2
DA:15,1
LF:2
LH:2
BRF:0
BRH:0
end_of_record
TN:
SF:app\components\header.js
FN:7,(anonymous_0)
FNF:1
FNH:1
FNDA:1,(anonymous_0)
DA:7,2
DA:8,1
DA:15,2
LF:3
LH:3
BRF:0
BRH:0
end_of_record
TN:
SF:app\components\optionButton.js
FN:10,(anonymous_0)
FNF:1
FNH:1
FNDA:2,(anonymous_0)
DA:10,2
DA:16,2
DA:32,2
LF:3
LH:3
BRDA:19,0,0,2
BRDA:19,0,1,2
BRDA:23,1,0,2
BRDA:23,1,1,2
BRF:4
BRH:4
end_of_record
TN:
SF:app\components\options.js
FNF:0
FNH:0
LF:0
LH:0
BRF:0
BRH:0
end_of_record
TN:
SF:app\components\question.js
FN:9,(anonymous_0)
FNF:1
FNH:1
FNDA:1,(anonymous_0)
DA:9,2
DA:10,1
DA:20,2
LF:3
LH:3
BRF:0
BRH:0
end_of_record
TN:
SF:app\components\quizNumber.js
FN:14,(anonymous_0)
FNF:1
FNH:1
FNDA:1,(anonymous_0)
DA:14,2
DA:20,1
LF:2
LH:2
BRF:0
BRH:0
end_of_record
TN:
SF:app\components\score-screen.js
FN:13,(anonymous_0)
FNF:1
FNH:1
FNDA:2,(anonymous_0)
DA:13,2
DA:14,2
DA:16,2
DA:18,2
DA:75,2
LF:5
LH:5
BRDA:22,0,0,1
BRDA:22,0,1,1
BRDA:27,1,0,1
BRDA:27,1,1,1
BRDA:36,2,0,1
BRDA:36,2,1,1
BRF:6
BRH:6
end_of_record
TN:
SF:app\screens\quiz-screen.js
FN:42,(anonymous_0)
FN:65,(anonymous_1)
FN:100,(anonymous_2)
FN:128,(anonymous_3)
FN:147,(anonymous_4)
FN:170,(anonymous_5)
FN:201,(anonymous_6)
FN:207,(anonymous_7)
FN:215,(anonymous_8)
FN:221,(anonymous_9)
FNF:10
FNH:10
FNDA:1,(anonymous_0)
FNDA:4,(anonymous_1)
FNDA:4,(anonymous_2)
FNDA:2,(anonymous_3)
FNDA:3,(anonymous_4)
FNDA:46,(anonymous_5)
FNDA:1,(anonymous_6)
FNDA:1,(anonymous_7)
FNDA:1,(anonymous_8)
FNDA:1,(anonymous_9)
DA:31,1
DA:56,1
DA:58,1
DA:59,1
DA:60,1
DA:62,1
DA:79,4
DA:81,4
DA:82,2
DA:83,2
DA:84,2
DA:85,2
DA:86,2
DA:89,4
DA:90,3
DA:91,1
DA:92,1
DA:93,1
DA:94,1
DA:95,1
DA:100,1
DA:114,4
DA:116,4
DA:117,1
DA:119,4
DA:120,2
DA:121,2
DA:122,2
DA:124,2
DA:128,1
DA:142,2
DA:144,2
DA:147,1
DA:161,3
DA:163,3
DA:164,2
DA:166,1
DA:185,46
DA:187,46
DA:202,1
DA:207,1
DA:215,1
DA:221,1
DA:226,1
LF:44
LH:44
BRDA:81,0,0,2
BRDA:81,0,1,2
BRDA:89,1,0,3
BRDA:89,1,1,1
BRDA:90,2,0,1
BRDA:90,2,1,2
BRDA:116,3,0,1
BRDA:116,3,1,3
BRDA:119,4,0,2
BRDA:119,4,1,2
BRDA:163,5,0,2
BRDA:163,5,1,1
BRDA:187,6,0,42
BRDA:187,6,1,4
BRF:14
BRH:14
end_of_record
